# JRE version: Java(TM) SE Runtime Environment (11.0.6+8) (build 11.0.6+8-LTS)
# Java VM: Java HotSpot(TM) 64-Bit Server VM (11.0.6+8-LTS, mixed mode, tiered, compressed oops, g1 gc, windows-amd64)
Heap:
 garbage-first heap   total 284672K, used 157187K [0x0000000740400000, 0x0000000800000000)
  region size 1024K, 121 young (123904K), 15 survivors (15360K)
 Metaspace       used 77422K, capacity 79340K, committed 79580K, reserved 1118208K
  class space    used 10066K, capacity 10826K, committed 10880K, reserved 1048576K
GC Heap History (10 events):
Event: 3.519 GC heap before
{Heap before GC invocations=7 (full 0):
 garbage-first heap   total 236544K, used 57770K [0x0000000740400000, 0x0000000800000000)
  region size 1024K, 38 young (38912K), 8 survivors (8192K)
 Metaspace       used 34873K, capacity 35984K, committed 36048K, reserved 1081344K
  class space    used 4381K, capacity 4850K, committed 4864K, reserved 1048576K
}
Event: 3.533 GC heap after
{Heap after GC invocations=8 (full 0):
 garbage-first heap   total 236544K, used 29945K [0x0000000740400000, 0x0000000800000000)
  region size 1024K, 10 young (10240K), 10 survivors (10240K)
 Metaspace       used 34873K, capacity 35984K, committed 36048K, reserved 1081344K
  class space    used 4381K, capacity 4850K, committed 4864K, reserved 1048576K
}
Event: 4.380 GC heap before
{Heap before GC invocations=9 (full 0):
 garbage-first heap   total 236544K, used 159993K [0x0000000740400000, 0x0000000800000000)
  region size 1024K, 138 young (141312K), 10 survivors (10240K)
 Metaspace       used 44851K, capacity 46035K, committed 46288K, reserved 1089536K
  class space    used 5607K, capacity 6091K, committed 6144K, reserved 1048576K
}
Event: 4.395 GC heap after
{Heap after GC invocations=10 (full 0):
 garbage-first heap   total 236544K, used 33792K [0x0000000740400000, 0x0000000800000000)
  region size 1024K, 13 young (13312K), 13 survivors (13312K)
 Metaspace       used 44851K, capacity 46035K, committed 46288K, reserved 1089536K
  class space    used 5607K, capacity 6091K, committed 6144K, reserved 1048576K
}
Event: 5.309 GC heap before
{Heap before GC invocations=10 (full 0):
 garbage-first heap   total 236544K, used 160768K [0x0000000740400000, 0x0000000800000000)
  region size 1024K, 138 young (141312K), 13 survivors (13312K)
 Metaspace       used 58071K, capacity 59407K, committed 59728K, reserved 1101824K
  class space    used 7421K, capacity 7950K, committed 8064K, reserved 1048576K
}
Event: 5.329 GC heap after
{Heap after GC invocations=11 (full 0):
 garbage-first heap   total 284672K, used 39431K [0x0000000740400000, 0x0000000800000000)
  region size 1024K, 15 young (15360K), 15 survivors (15360K)
 Metaspace       used 58071K, capacity 59407K, committed 59728K, reserved 1101824K
  class space    used 7421K, capacity 7950K, committed 8064K, reserved 1048576K
}
Event: 5.447 GC heap before
{Heap before GC invocations=11 (full 0):
 garbage-first heap   total 284672K, used 53767K [0x0000000740400000, 0x0000000800000000)
  region size 1024K, 30 young (30720K), 15 survivors (15360K)
 Metaspace       used 58978K, capacity 60342K, committed 60508K, reserved 1101824K
  class space    used 7574K, capacity 8091K, committed 8192K, reserved 1048576K
}
Event: 5.480 GC heap after
{Heap after GC invocations=12 (full 0):
 garbage-first heap   total 284672K, used 40451K [0x0000000740400000, 0x0000000800000000)
  region size 1024K, 11 young (11264K), 11 survivors (11264K)
 Metaspace       used 58978K, capacity 60342K, committed 60508K, reserved 1101824K
  class space    used 7574K, capacity 8091K, committed 8192K, reserved 1048576K
}
Event: 6.989 GC heap before
{Heap before GC invocations=13 (full 0):
 garbage-first heap   total 284672K, used 190979K [0x0000000740400000, 0x0000000800000000)
  region size 1024K, 158 young (161792K), 11 survivors (11264K)
 Metaspace       used 68012K, capacity 69753K, committed 69852K, reserved 1110016K
  class space    used 8882K, capacity 9554K, committed 9600K, reserved 1048576K
}
Event: 7.002 GC heap after
{Heap after GC invocations=14 (full 0):
 garbage-first heap   total 284672K, used 44547K [0x0000000740400000, 0x0000000800000000)
  region size 1024K, 15 young (15360K), 15 survivors (15360K)
 Metaspace       used 68012K, capacity 69753K, committed 69852K, reserved 1110016K
  class space    used 8882K, capacity 9554K, committed 9600K, reserved 1048576K
}

