# JRE version: Java(TM) SE Runtime Environment (11.0.6+8) (build 11.0.6+8-LTS)
# Java VM: Java HotSpot(TM) 64-Bit Server VM (11.0.6+8-LTS, mixed mode, tiered, compressed oops, g1 gc, windows-amd64)
Heap:
 garbage-first heap   total 289792K, used 97122K [0x0000000740400000, 0x0000000800000000)
  region size 1024K, 73 young (74752K), 16 survivors (16384K)
 Metaspace       used 58380K, capacity 59929K, committed 60240K, reserved 1101824K
  class space    used 7460K, capacity 8076K, committed 8192K, reserved 1048576K
GC Heap History (10 events):
Event: 1.961 GC heap before
{Heap before GC invocations=5 (full 0):
 garbage-first heap   total 196608K, used 74649K [0x0000000740400000, 0x0000000800000000)
  region size 1024K, 55 young (56320K), 3 survivors (3072K)
 Metaspace       used 25868K, capacity 26653K, committed 26800K, reserved 1073152K
  class space    used 3162K, capacity 3460K, committed 3584K, reserved 1048576K
}
Event: 1.969 GC heap after
{Heap after GC invocations=6 (full 0):
 garbage-first heap   total 236544K, used 24333K [0x0000000740400000, 0x0000000800000000)
  region size 1024K, 5 young (5120K), 5 survivors (5120K)
 Metaspace       used 25868K, capacity 26653K, committed 26800K, reserved 1073152K
  class space    used 3162K, capacity 3460K, committed 3584K, reserved 1048576K
}
Event: 3.076 GC heap before
{Heap before GC invocations=6 (full 0):
 garbage-first heap   total 236544K, used 159501K [0x0000000740400000, 0x0000000800000000)
  region size 1024K, 138 young (141312K), 5 survivors (5120K)
 Metaspace       used 33669K, capacity 34809K, committed 34864K, reserved 1079296K
  class space    used 4277K, capacity 4714K, committed 4736K, reserved 1048576K
}
Event: 3.086 GC heap after
{Heap after GC invocations=7 (full 0):
 garbage-first heap   total 236544K, used 28892K [0x0000000740400000, 0x0000000800000000)
  region size 1024K, 9 young (9216K), 9 survivors (9216K)
 Metaspace       used 33669K, capacity 34809K, committed 34864K, reserved 1079296K
  class space    used 4277K, capacity 4714K, committed 4736K, reserved 1048576K
}
Event: 3.175 GC heap before
{Heap before GC invocations=7 (full 0):
 garbage-first heap   total 236544K, used 36060K [0x0000000740400000, 0x0000000800000000)
  region size 1024K, 17 young (17408K), 9 survivors (9216K)
 Metaspace       used 34769K, capacity 35824K, committed 35920K, reserved 1081344K
  class space    used 4377K, capacity 4817K, committed 4864K, reserved 1048576K
}
Event: 3.189 GC heap after
{Heap after GC invocations=8 (full 0):
 garbage-first heap   total 236544K, used 29350K [0x0000000740400000, 0x0000000800000000)
  region size 1024K, 9 young (9216K), 9 survivors (9216K)
 Metaspace       used 34769K, capacity 35824K, committed 35920K, reserved 1081344K
  class space    used 4377K, capacity 4817K, committed 4864K, reserved 1048576K
}
Event: 3.998 GC heap before
{Heap before GC invocations=9 (full 0):
 garbage-first heap   total 236544K, used 160422K [0x0000000740400000, 0x0000000800000000)
  region size 1024K, 138 young (141312K), 9 survivors (9216K)
 Metaspace       used 44614K, capacity 45817K, committed 45904K, reserved 1089536K
  class space    used 5577K, capacity 6060K, committed 6144K, reserved 1048576K
}
Event: 4.013 GC heap after
{Heap after GC invocations=10 (full 0):
 garbage-first heap   total 236544K, used 33992K [0x0000000740400000, 0x0000000800000000)
  region size 1024K, 14 young (14336K), 14 survivors (14336K)
 Metaspace       used 44614K, capacity 45817K, committed 45904K, reserved 1089536K
  class space    used 5577K, capacity 6060K, committed 6144K, reserved 1048576K
}
Event: 5.150 GC heap before
{Heap before GC invocations=10 (full 0):
 garbage-first heap   total 236544K, used 159944K [0x0000000740400000, 0x0000000800000000)
  region size 1024K, 138 young (141312K), 14 survivors (14336K)
 Metaspace       used 56356K, capacity 57839K, committed 58064K, reserved 1099776K
  class space    used 7138K, capacity 7708K, committed 7808K, reserved 1048576K
}
Event: 5.173 GC heap after
{Heap after GC invocations=11 (full 0):
 garbage-first heap   total 289792K, used 39778K [0x0000000740400000, 0x0000000800000000)
  region size 1024K, 16 young (16384K), 16 survivors (16384K)
 Metaspace       used 56356K, capacity 57839K, committed 58064K, reserved 1099776K
  class space    used 7138K, capacity 7708K, committed 7808K, reserved 1048576K
}

